D:\A实习A\BurningOKR\backend\burning-okr\burning-okr-app\src\main\java\org\burningokr\config\WebSecurityConfig.java:42: 警告: [removal] OAuth2ResourceServerConfigurer 中的 jwt() 已过时, 且标记为待删除
    http.oauth2ResourceServer(OAuth2ResourceServerConfigurer::jwt);
                              ^
  其中, H是类型变量:
    H扩展已在类 OAuth2ResourceServerConfigurer中声明的HttpSecurityBuilder<H>
D:\A实习A\BurningOKR\backend\burning-okr\burning-okr-app\src\main\java\org\burningokr\controller\okr\RevisionController.java:30: 警告: [unchecked] 对作为原始类型RevisionService的成员的<T>getRevisions(long,Class<T>)的调用未经过检查
    Collection<Revision> revisionCollection = revisionService.getRevisions(taskId, Task.class);
                                                                          ^
  其中, T是类型变量:
    T扩展已在方法 <T>getRevisions(long,Class<T>)中声明的Object
D:\A实习A\BurningOKR\backend\burning-okr\burning-okr-app\src\main\java\org\burningokr\controller\okr\RevisionController.java:30: 警告: [unchecked] 未经检查的转换
    Collection<Revision> revisionCollection = revisionService.getRevisions(taskId, Task.class);
                                                                          ^
  需要: Collection<Revision>
  找到:    Collection
D:\A实习A\BurningOKR\backend\burning-okr\burning-okr-app\src\main\java\org\burningokr\interceptor\OkrInterceptor.java:19: 警告: [removal] ContentCachingRequestWrapper 中的 ContentCachingRequestWrapper(HttpServletRequest) 已过时, 且标记为待删除
    HttpServletRequest requestWrapperObject = new ContentCachingRequestWrapper(request);
                                              ^
4 个警告
11:02:12,645 |-WARN in ch.qos.logback.core.ConsoleAppender[Console] - This appender no longer admits a layout as a sub-component, set an encoder instead.
11:02:12,645 |-WARN in ch.qos.logback.core.ConsoleAppender[Console] - To ensure compatibility, wrapping your layout in LayoutWrappingEncoder.
11:02:12,645 |-WARN in ch.qos.logback.core.ConsoleAppender[Console] - See also https://logback.qos.ch/codes.html#layoutInsteadOfEncoder for details
11:02:12,646 |-WARN in ch.qos.logback.core.rolling.SizeAndTimeBasedFNATP@366ef90e - SizeAndTimeBasedFNATP class was renamed as SizeAndTimeBasedFileNamingAndTriggeringPolicy.
11:02:12,647 |-WARN in ch.qos.logback.core.rolling.SizeAndTimeBasedFNATP@366ef90e - Direct use of either SizeAndTimeBasedFNATP or SizeAndTimeBasedFileNamingAndTriggeringPolicy 
11:02:12,647 |-WARN in ch.qos.logback.core.rolling.SizeAndTimeBasedFNATP@366ef90e - is deprecated. Please use SizeAndTimeBasedRollingPolicy instead.
11:02:12,647 |-WARN in ch.qos.logback.core.rolling.SizeAndTimeBasedFNATP@366ef90e - For more information see https://logback.qos.ch/manual/appenders.html#SizeAndTimeBasedRollingPolicy

FAILURE: Build failed with an exception.

* What went wrong:
Execution failed for task ':burning-okr-app:bootRun'.
> Process 'command 'C:\Program Files\Java\jdk-17\bin\java.exe'' finished with non-zero exit value -1

* Try:
> Run with --stacktrace option to get the stack trace.
> Run with --info or --debug option to get more log output.
> Run with --scan to get full insights.
> Get more help at https://help.gradle.org.

BUILD FAILED in 5m 41s
